{"meta": {"format": 3, "version": "7.14.0", "timestamp": "2026-05-22T02:17:20.834709", "branch_coverage": false, "show_contexts": false}, "files": {"tests/test_order_controller.py": {"executed_lines": [1, 2, 3, 4, 6, 8], "summary": {"covered_lines": 6, "num_statements": 155, "percent_covered": 3.870967741935484, "percent_covered_display": "4", "missing_lines": 149, "excluded_lines": 0, "percent_statements_covered": 3.870967741935484, "percent_statements_covered_display": "4"}, "missing_lines": [16, 19, 20, 22, 23, 25, 26, 28, 29, 31, 32, 34, 41, 42, 44, 57, 58, 59, 61, 62, 64, 66, 67, 68, 69, 71, 72, 73, 75, 77, 78, 80, 81, 82, 84, 86, 87, 89, 90, 91, 93, 96, 97, 99, 100, 101, 103, 105, 106, 108, 109, 110, 112, 114, 115, 117, 118, 119, 121, 122, 124, 125, 127, 128, 129, 131, 132, 133, 140, 142, 144, 145, 146, 148, 150, 151, 153, 154, 155, 157, 159, 160, 163, 167, 168, 170, 174, 176, 178, 179, 181, 182, 184, 186, 188, 189, 192, 195, 196, 198, 204, 206, 208, 209, 210, 212, 213, 215, 217, 218, 220, 221, 223, 229, 231, 232, 234, 236, 237, 239, 241, 242, 245, 248, 250, 257, 259, 261, 263, 264, 266, 268, 270, 271, 274, 277, 278, 279, 281, 282, 283, 285, 286, 288, 289, 291, 292, 294, 295], "excluded_lines": [], "functions": {"TestCreateOrderController.mock_order_model": {"executed_lines": [], "summary": {"covered_lines": 0, "num_statements": 2, "percent_covered": 0.0, "percent_covered_display": "0", "missing_lines": 2, "excluded_lines": 0, "percent_statements_covered": 0.0, "percent_statements_covered_display": "0"}, "missing_lines": [22, 23], "excluded_lines": [], "start_line": 20}, "TestCreateOrderController.mock_cart_model": {"executed_lines": [], "summary": {"covered_lines": 0, "num_statements": 2, "percent_covered": 0.0, "percent_covered_display": "0", "missing_lines": 2, "excluded_lines": 0, "percent_statements_covered": 0.0, "percent_statements_covered_display": "0"}, "missing_lines": [28, 29], "excluded_lines": [], "start_line": 26}, "TestCreateOrderController.sample_order_input": {"executed_lines": [], "summary": {"covered_lines": 0, "num_statements": 1, "percent_covered": 0.0, "percent_covered_display": "0", "missing_lines": 1, "excluded_lines": 0, "percent_statements_covered": 0.0, "percent_statements_covered_display": "0"}, "missing_lines": [34], "excluded_lines": [], "start_line": 32}, "TestCreateOrderController.sample_created_order": {"executed_lines": [], "summary": {"covered_lines": 0, "num_statements": 1, "percent_covered": 0.0, "percent_covered_display": "0", "missing_lines": 1, "excluded_lines": 0, "percent_statements_covered": 0.0, "percent_statements_covered_display": "0"}, "missing_lines": [44], "excluded_lines": [], "start_line": 42}, "TestCreateOrderController.test_create_order_success": {"executed_lines": [], "summary": {"covered_lines": 0, "num_statements": 7, "percent_covered": 0.0, "percent_covered_display": "0", "missing_lines": 7, "excluded_lines": 0, "percent_statements_covered": 0.0, "percent_statements_covered_display": "0"}, "missing_lines": [61, 62, 64, 66, 67, 68, 69], "excluded_lines": [], "start_line": 59}, "TestCreateOrderController.test_create_order_fails_with_empty_items": {"executed_lines": [], "summary": {"covered_lines": 0, "num_statements": 3, "percent_covered": 0.0, "percent_covered_display": "0", "missing_lines": 3, "excluded_lines": 0, "percent_statements_covered": 0.0, "percent_statements_covered_display": "0"}, "missing_lines": [75, 77, 78], "excluded_lines": [], "start_line": 73}, "TestCreateOrderController.test_create_order_fails_with_invalid_product_id": {"executed_lines": [], "summary": {"covered_lines": 0, "num_statements": 3, "percent_covered": 0.0, "percent_covered_display": "0", "missing_lines": 3, "excluded_lines": 0, "percent_statements_covered": 0.0, "percent_statements_covered_display": "0"}, "missing_lines": [84, 86, 87], "excluded_lines": [], "start_line": 82}, "TestCreateOrderController.test_create_order_fails_with_zero_product_id": {"executed_lines": [], "summary": {"covered_lines": 0, "num_statements": 3, "percent_covered": 0.0, "percent_covered_display": "0", "missing_lines": 3, "excluded_lines": 0, "percent_statements_covered": 0.0, "percent_statements_covered_display": "0"}, "missing_lines": [93, 96, 97], "excluded_lines": [], "start_line": 91}, "TestCreateOrderController.test_create_order_fails_with_invalid_quantity": {"executed_lines": [], "summary": {"covered_lines": 0, "num_statements": 3, "percent_covered": 0.0, "percent_covered_display": "0", "missing_lines": 3, "excluded_lines": 0, "percent_statements_covered": 0.0, "percent_statements_covered_display": "0"}, "missing_lines": [103, 105, 106], "excluded_lines": [], "start_line": 101}, "TestCreateOrderController.test_create_order_fails_with_negative_quantity": {"executed_lines": [], "summary": {"covered_lines": 0, "num_statements": 3, "percent_covered": 0.0, "percent_covered_display": "0", "missing_lines": 3, "excluded_lines": 0, "percent_statements_covered": 0.0, "percent_statements_covered_display": "0"}, "missing_lines": [112, 114, 115], "excluded_lines": [], "start_line": 110}, "TestCreateOrderController.test_create_order_fails_with_nonexistent_product": {"executed_lines": [], "summary": {"covered_lines": 0, "num_statements": 4, "percent_covered": 0.0, "percent_covered_display": "0", "missing_lines": 4, "excluded_lines": 0, "percent_statements_covered": 0.0, "percent_statements_covered_display": "0"}, "missing_lines": [121, 122, 124, 125], "excluded_lines": [], "start_line": 119}, "TestCreateOrderController.test_create_order_validates_all_items": {"executed_lines": [], "summary": {"covered_lines": 0, "num_statements": 5, "percent_covered": 0.0, "percent_covered_display": "0", "missing_lines": 5, "excluded_lines": 0, "percent_statements_covered": 0.0, "percent_statements_covered_display": "0"}, "missing_lines": [131, 132, 133, 140, 142], "excluded_lines": [], "start_line": 129}, "TestCreateOrderController.test_create_order_fails_when_no_items_property": {"executed_lines": [], "summary": {"covered_lines": 0, "num_statements": 3, "percent_covered": 0.0, "percent_covered_display": "0", "missing_lines": 3, "excluded_lines": 0, "percent_statements_covered": 0.0, "percent_statements_covered_display": "0"}, "missing_lines": [148, 150, 151], "excluded_lines": [], "start_line": 146}, "TestCreateOrderController.test_create_order_fails_when_items_is_not_array": {"executed_lines": [], "summary": {"covered_lines": 0, "num_statements": 3, "percent_covered": 0.0, "percent_covered_display": "0", "missing_lines": 3, "excluded_lines": 0, "percent_statements_covered": 0.0, "percent_statements_covered_display": "0"}, "missing_lines": [157, 159, 160], "excluded_lines": [], "start_line": 155}, "TestGetOrdersController.test_get_orders_returns_user_orders": {"executed_lines": [], "summary": {"covered_lines": 0, "num_statements": 5, "percent_covered": 0.0, "percent_covered_display": "0", "missing_lines": 5, "excluded_lines": 0, "percent_statements_covered": 0.0, "percent_statements_covered_display": "0"}, "missing_lines": [170, 174, 176, 178, 179], "excluded_lines": [], "start_line": 168}, "TestGetOrdersController.test_get_orders_returns_empty_list_when_no_orders": {"executed_lines": [], "summary": {"covered_lines": 0, "num_statements": 4, "percent_covered": 0.0, "percent_covered_display": "0", "missing_lines": 4, "excluded_lines": 0, "percent_statements_covered": 0.0, "percent_statements_covered_display": "0"}, "missing_lines": [184, 186, 188, 189], "excluded_lines": [], "start_line": 182}, "TestGetOrderByIdController.test_get_order_by_id_success": {"executed_lines": [], "summary": {"covered_lines": 0, "num_statements": 6, "percent_covered": 0.0, "percent_covered_display": "0", "missing_lines": 6, "excluded_lines": 0, "percent_statements_covered": 0.0, "percent_statements_covered_display": "0"}, "missing_lines": [198, 204, 206, 208, 209, 210], "excluded_lines": [], "start_line": 196}, "TestGetOrderByIdController.test_get_order_by_id_fails_when_order_not_found": {"executed_lines": [], "summary": {"covered_lines": 0, "num_statements": 3, "percent_covered": 0.0, "percent_covered_display": "0", "missing_lines": 3, "excluded_lines": 0, "percent_statements_covered": 0.0, "percent_statements_covered_display": "0"}, "missing_lines": [215, 217, 218], "excluded_lines": [], "start_line": 213}, "TestGetOrderByIdController.test_get_order_by_id_fails_when_user_mismatch": {"executed_lines": [], "summary": {"covered_lines": 0, "num_statements": 4, "percent_covered": 0.0, "percent_covered_display": "0", "missing_lines": 4, "excluded_lines": 0, "percent_statements_covered": 0.0, "percent_statements_covered_display": "0"}, "missing_lines": [223, 229, 231, 232], "excluded_lines": [], "start_line": 221}, "TestGetOrderByIdController.test_get_order_by_id_fails_with_invalid_order_id": {"executed_lines": [], "summary": {"covered_lines": 0, "num_statements": 2, "percent_covered": 0.0, "percent_covered_display": "0", "missing_lines": 2, "excluded_lines": 0, "percent_statements_covered": 0.0, "percent_statements_covered_display": "0"}, "missing_lines": [236, 237], "excluded_lines": [], "start_line": 234}, "TestGetOrderByIdController.test_get_order_by_id_fails_with_zero_order_id": {"executed_lines": [], "summary": {"covered_lines": 0, "num_statements": 2, "percent_covered": 0.0, "percent_covered_display": "0", "missing_lines": 2, "excluded_lines": 0, "percent_statements_covered": 0.0, "percent_statements_covered_display": "0"}, "missing_lines": [241, 242], "excluded_lines": [], "start_line": 239}, "TestValidateCreateOrderInput.test_validate_accepts_valid_input": {"executed_lines": [], "summary": {"covered_lines": 0, "num_statements": 2, "percent_covered": 0.0, "percent_covered_display": "0", "missing_lines": 2, "excluded_lines": 0, "percent_statements_covered": 0.0, "percent_statements_covered_display": "0"}, "missing_lines": [250, 257], "excluded_lines": [], "start_line": 248}, "TestValidateCreateOrderInput.test_validate_rejects_missing_items": {"executed_lines": [], "summary": {"covered_lines": 0, "num_statements": 3, "percent_covered": 0.0, "percent_covered_display": "0", "missing_lines": 3, "excluded_lines": 0, "percent_statements_covered": 0.0, "percent_statements_covered_display": "0"}, "missing_lines": [261, 263, 264], "excluded_lines": [], "start_line": 259}, "TestValidateCreateOrderInput.test_validate_rejects_non_array_items": {"executed_lines": [], "summary": {"covered_lines": 0, "num_statements": 3, "percent_covered": 0.0, "percent_covered_display": "0", "missing_lines": 3, "excluded_lines": 0, "percent_statements_covered": 0.0, "percent_statements_covered_display": "0"}, "missing_lines": [268, 270, 271], "excluded_lines": [], "start_line": 266}, "TestControllerErrorHandling.test_create_order_propagates_model_errors": {"executed_lines": [], "summary": {"covered_lines": 0, "num_statements": 5, "percent_covered": 0.0, "percent_covered_display": "0", "missing_lines": 5, "excluded_lines": 0, "percent_statements_covered": 0.0, "percent_statements_covered_display": "0"}, "missing_lines": [281, 282, 283, 285, 286], "excluded_lines": [], "start_line": 279}, "TestControllerErrorHandling.test_get_order_by_id_propagates_model_errors": {"executed_lines": [], "summary": {"covered_lines": 0, "num_statements": 4, "percent_covered": 0.0, "percent_covered_display": "0", "missing_lines": 4, "excluded_lines": 0, "percent_statements_covered": 0.0, "percent_statements_covered_display": "0"}, "missing_lines": [291, 292, 294, 295], "excluded_lines": [], "start_line": 289}, "": {"executed_lines": [1, 2, 3, 4, 6, 8], "summary": {"covered_lines": 6, "num_statements": 69, "percent_covered": 8.695652173913043, "percent_covered_display": "9", "missing_lines": 63, "excluded_lines": 0, "percent_statements_covered": 8.695652173913043, "percent_statements_covered_display": "9"}, "missing_lines": [16, 19, 20, 25, 26, 31, 32, 41, 42, 57, 58, 59, 71, 72, 73, 80, 81, 82, 89, 90, 91, 99, 100, 101, 108, 109, 110, 117, 118, 119, 127, 128, 129, 144, 145, 146, 153, 154, 155, 163, 167, 168, 181, 182, 192, 195, 196, 212, 213, 220, 221, 234, 239, 245, 248, 259, 266, 274, 277, 278, 279, 288, 289], "excluded_lines": [], "start_line": 1}}, "classes": {"TestCreateOrderController": {"executed_lines": [], "summary": {"covered_lines": 0, "num_statements": 43, "percent_covered": 0.0, "percent_covered_display": "0", "missing_lines": 43, "excluded_lines": 0, "percent_statements_covered": 0.0, "percent_statements_covered_display": "0"}, "missing_lines": [22, 23, 28, 29, 34, 44, 61, 62, 64, 66, 67, 68, 69, 75, 77, 78, 84, 86, 87, 93, 96, 97, 103, 105, 106, 112, 114, 115, 121, 122, 124, 125, 131, 132, 133, 140, 142, 148, 150, 151, 157, 159, 160], "excluded_lines": [], "start_line": 16}, "TestGetOrdersController": {"executed_lines": [], "summary": {"covered_lines": 0, "num_statements": 9, "percent_covered": 0.0, "percent_covered_display": "0", "missing_lines": 9, "excluded_lines": 0, "percent_statements_covered": 0.0, "percent_statements_covered_display": "0"}, "missing_lines": [170, 174, 176, 178, 179, 184, 186, 188, 189], "excluded_lines": [], "start_line": 163}, "TestGetOrderByIdController": {"executed_lines": [], "summary": {"covered_lines": 0, "num_statements": 17, "percent_covered": 0.0, "percent_covered_display": "0", "missing_lines": 17, "excluded_lines": 0, "percent_statements_covered": 0.0, "percent_statements_covered_display": "0"}, "missing_lines": [198, 204, 206, 208, 209, 210, 215, 217, 218, 223, 229, 231, 232, 236, 237, 241, 242], "excluded_lines": [], "start_line": 192}, "TestValidateCreateOrderInput": {"executed_lines": [], "summary": {"covered_lines": 0, "num_statements": 8, "percent_covered": 0.0, "percent_covered_display": "0", "missing_lines": 8, "excluded_lines": 0, "percent_statements_covered": 0.0, "percent_statements_covered_display": "0"}, "missing_lines": [250, 257, 261, 263, 264, 268, 270, 271], "excluded_lines": [], "start_line": 245}, "TestControllerErrorHandling": {"executed_lines": [], "summary": {"covered_lines": 0, "num_statements": 9, "percent_covered": 0.0, "percent_covered_display": "0", "missing_lines": 9, "excluded_lines": 0, "percent_statements_covered": 0.0, "percent_statements_covered_display": "0"}, "missing_lines": [281, 282, 283, 285, 286, 291, 292, 294, 295], "excluded_lines": [], "start_line": 274}, "": {"executed_lines": [1, 2, 3, 4, 6, 8], "summary": {"covered_lines": 6, "num_statements": 69, "percent_covered": 8.695652173913043, "percent_covered_display": "9", "missing_lines": 63, "excluded_lines": 0, "percent_statements_covered": 8.695652173913043, "percent_statements_covered_display": "9"}, "missing_lines": [16, 19, 20, 25, 26, 31, 32, 41, 42, 57, 58, 59, 71, 72, 73, 80, 81, 82, 89, 90, 91, 99, 100, 101, 108, 109, 110, 117, 118, 119, 127, 128, 129, 144, 145, 146, 153, 154, 155, 163, 167, 168, 181, 182, 192, 195, 196, 212, 213, 220, 221, 234, 239, 245, 248, 259, 266, 274, 277, 278, 279, 288, 289], "excluded_lines": [], "start_line": 1}}}, "tests/test_order_model.py": {"executed_lines": [1, 2, 3, 4, 5, 6, 8, 10], "summary": {"covered_lines": 8, "num_statements": 198, "percent_covered": 4.040404040404041, "percent_covered_display": "4", "missing_lines": 190, "excluded_lines": 0, "percent_statements_covered": 4.040404040404041, "percent_statements_covered_display": "4"}, "missing_lines": [18, 21, 22, 24, 25, 26, 28, 29, 31, 36, 37, 39, 40, 44, 46, 47, 49, 50, 58, 60, 61, 63, 64, 66, 74, 76, 77, 78, 79, 80, 81, 82, 83, 84, 86, 87, 89, 90, 92, 93, 97, 99, 100, 102, 103, 105, 106, 108, 109, 110, 112, 113, 115, 116, 118, 119, 121, 122, 126, 127, 136, 144, 145, 147, 149, 150, 152, 153, 155, 163, 164, 166, 167, 169, 170, 172, 173, 175, 176, 177, 179, 180, 183, 186, 187, 189, 190, 208, 210, 211, 212, 214, 215, 220, 222, 223, 224, 225, 226, 228, 229, 230, 232, 233, 234, 236, 238, 239, 241, 242, 243, 245, 246, 248, 250, 251, 253, 254, 255, 257, 258, 260, 262, 263, 267, 270, 271, 273, 274, 282, 283, 285, 286, 287, 289, 290, 293, 296, 297, 298, 299, 300, 302, 303, 305, 306, 307, 308, 310, 313, 315, 316, 317, 319, 320, 321, 323, 325, 326, 329, 332, 333, 335, 336, 340, 342, 343, 345, 347, 349, 350, 351, 352, 353, 355, 356, 358, 359, 360, 362, 364, 365, 367, 368, 370, 372, 374, 375, 376, 377], "excluded_lines": [], "functions": {"TestCreateOrder.mock_client": {"executed_lines": [], "summary": {"covered_lines": 0, "num_statements": 3, "percent_covered": 0.0, "percent_covered_display": "0", "missing_lines": 3, "excluded_lines": 0, "percent_statements_covered": 0.0, "percent_statements_covered_display": "0"}, "missing_lines": [24, 25, 26], "excluded_lines": [], "start_line": 22}, "TestCreateOrder.sample_cart_items": {"executed_lines": [], "summary": {"covered_lines": 0, "num_statements": 1, "percent_covered": 0.0, "percent_covered_display": "0", "missing_lines": 1, "excluded_lines": 0, "percent_statements_covered": 0.0, "percent_statements_covered_display": "0"}, "missing_lines": [31], "excluded_lines": [], "start_line": 29}, "TestCreateOrder.sample_products_result": {"executed_lines": [], "summary": {"covered_lines": 0, "num_statements": 3, "percent_covered": 0.0, "percent_covered_display": "0", "missing_lines": 3, "excluded_lines": 0, "percent_statements_covered": 0.0, "percent_statements_covered_display": "0"}, "missing_lines": [39, 40, 44], "excluded_lines": [], "start_line": 37}, "TestCreateOrder.sample_order_insert_result": {"executed_lines": [], "summary": {"covered_lines": 0, "num_statements": 3, "percent_covered": 0.0, "percent_covered_display": "0", "missing_lines": 3, "excluded_lines": 0, "percent_statements_covered": 0.0, "percent_statements_covered_display": "0"}, "missing_lines": [49, 50, 58], "excluded_lines": [], "start_line": 47}, "TestCreateOrder.test_create_order_success": {"executed_lines": [], "summary": {"covered_lines": 0, "num_statements": 13, "percent_covered": 0.0, "percent_covered_display": "0", "missing_lines": 13, "excluded_lines": 0, "percent_statements_covered": 0.0, "percent_statements_covered_display": "0"}, "missing_lines": [63, 64, 66, 74, 76, 77, 78, 79, 80, 81, 82, 83, 84], "excluded_lines": [], "start_line": 61}, "TestCreateOrder.test_create_order_with_insufficient_stock": {"executed_lines": [], "summary": {"covered_lines": 0, "num_statements": 7, "percent_covered": 0.0, "percent_covered_display": "0", "missing_lines": 7, "excluded_lines": 0, "percent_statements_covered": 0.0, "percent_statements_covered_display": "0"}, "missing_lines": [89, 90, 92, 93, 97, 99, 100], "excluded_lines": [], "start_line": 87}, "TestCreateOrder.test_create_order_product_not_found": {"executed_lines": [], "summary": {"covered_lines": 0, "num_statements": 7, "percent_covered": 0.0, "percent_covered_display": "0", "missing_lines": 7, "excluded_lines": 0, "percent_statements_covered": 0.0, "percent_statements_covered_display": "0"}, "missing_lines": [105, 106, 108, 109, 110, 112, 113], "excluded_lines": [], "start_line": 103}, "TestCreateOrder.test_create_order_calculates_total_correctly": {"executed_lines": [], "summary": {"covered_lines": 0, "num_statements": 10, "percent_covered": 0.0, "percent_covered_display": "0", "missing_lines": 10, "excluded_lines": 0, "percent_statements_covered": 0.0, "percent_statements_covered_display": "0"}, "missing_lines": [118, 119, 121, 122, 126, 127, 136, 144, 145, 147], "excluded_lines": [], "start_line": 116}, "TestCreateOrder.test_create_order_updates_product_stock": {"executed_lines": [], "summary": {"covered_lines": 0, "num_statements": 7, "percent_covered": 0.0, "percent_covered_display": "0", "missing_lines": 7, "excluded_lines": 0, "percent_statements_covered": 0.0, "percent_statements_covered_display": "0"}, "missing_lines": [152, 153, 155, 163, 164, 166, 167], "excluded_lines": [], "start_line": 150}, "TestCreateOrder.test_create_order_with_empty_items": {"executed_lines": [], "summary": {"covered_lines": 0, "num_statements": 7, "percent_covered": 0.0, "percent_covered_display": "0", "missing_lines": 7, "excluded_lines": 0, "percent_statements_covered": 0.0, "percent_statements_covered_display": "0"}, "missing_lines": [172, 173, 175, 176, 177, 179, 180], "excluded_lines": [], "start_line": 170}, "TestFindByUserId.sample_orders_result": {"executed_lines": [], "summary": {"covered_lines": 0, "num_statements": 3, "percent_covered": 0.0, "percent_covered_display": "0", "missing_lines": 3, "excluded_lines": 0, "percent_statements_covered": 0.0, "percent_statements_covered_display": "0"}, "missing_lines": [189, 190, 208], "excluded_lines": [], "start_line": 187}, "TestFindByUserId.test_find_by_user_id_returns_orders": {"executed_lines": [], "summary": {"covered_lines": 0, "num_statements": 8, "percent_covered": 0.0, "percent_covered_display": "0", "missing_lines": 8, "excluded_lines": 0, "percent_statements_covered": 0.0, "percent_statements_covered_display": "0"}, "missing_lines": [214, 215, 220, 222, 223, 224, 225, 226], "excluded_lines": [], "start_line": 212}, "TestFindByUserId.test_find_by_user_id_returns_empty_when_no_orders": {"executed_lines": [], "summary": {"covered_lines": 0, "num_statements": 6, "percent_covered": 0.0, "percent_covered_display": "0", "missing_lines": 6, "excluded_lines": 0, "percent_statements_covered": 0.0, "percent_statements_covered_display": "0"}, "missing_lines": [232, 233, 234, 236, 238, 239], "excluded_lines": [], "start_line": 230}, "TestFindByUserId.test_find_by_user_id_orders_ordered_by_created_at_desc": {"executed_lines": [], "summary": {"covered_lines": 0, "num_statements": 5, "percent_covered": 0.0, "percent_covered_display": "0", "missing_lines": 5, "excluded_lines": 0, "percent_statements_covered": 0.0, "percent_statements_covered_display": "0"}, "missing_lines": [245, 246, 248, 250, 251], "excluded_lines": [], "start_line": 243}, "TestFindByUserId.test_find_by_user_id_parses_total_as_float": {"executed_lines": [], "summary": {"covered_lines": 0, "num_statements": 5, "percent_covered": 0.0, "percent_covered_display": "0", "missing_lines": 5, "excluded_lines": 0, "percent_statements_covered": 0.0, "percent_statements_covered_display": "0"}, "missing_lines": [257, 258, 260, 262, 263], "excluded_lines": [], "start_line": 255}, "TestFindById.sample_order_result": {"executed_lines": [], "summary": {"covered_lines": 0, "num_statements": 4, "percent_covered": 0.0, "percent_covered_display": "0", "missing_lines": 4, "excluded_lines": 0, "percent_statements_covered": 0.0, "percent_statements_covered_display": "0"}, "missing_lines": [273, 274, 282, 283], "excluded_lines": [], "start_line": 271}, "TestFindById.test_find_by_id_returns_order": {"executed_lines": [], "summary": {"covered_lines": 0, "num_statements": 8, "percent_covered": 0.0, "percent_covered_display": "0", "missing_lines": 8, "excluded_lines": 0, "percent_statements_covered": 0.0, "percent_statements_covered_display": "0"}, "missing_lines": [289, 290, 293, 296, 297, 298, 299, 300], "excluded_lines": [], "start_line": 287}, "TestFindById.test_find_by_id_returns_null_when_not_found": {"executed_lines": [], "summary": {"covered_lines": 0, "num_statements": 6, "percent_covered": 0.0, "percent_covered_display": "0", "missing_lines": 6, "excluded_lines": 0, "percent_statements_covered": 0.0, "percent_statements_covered_display": "0"}, "missing_lines": [305, 306, 307, 308, 310, 313], "excluded_lines": [], "start_line": 303}, "TestFindById.test_find_by_id_includes_items": {"executed_lines": [], "summary": {"covered_lines": 0, "num_statements": 6, "percent_covered": 0.0, "percent_covered_display": "0", "missing_lines": 6, "excluded_lines": 0, "percent_statements_covered": 0.0, "percent_statements_covered_display": "0"}, "missing_lines": [319, 320, 321, 323, 325, 326], "excluded_lines": [], "start_line": 317}, "TestGetOrderItems.sample_items_result": {"executed_lines": [], "summary": {"covered_lines": 0, "num_statements": 3, "percent_covered": 0.0, "percent_covered_display": "0", "missing_lines": 3, "excluded_lines": 0, "percent_statements_covered": 0.0, "percent_statements_covered_display": "0"}, "missing_lines": [335, 336, 340], "excluded_lines": [], "start_line": 333}, "TestGetOrderItems.test_get_order_items_returns_items": {"executed_lines": [], "summary": {"covered_lines": 0, "num_statements": 7, "percent_covered": 0.0, "percent_covered_display": "0", "missing_lines": 7, "excluded_lines": 0, "percent_statements_covered": 0.0, "percent_statements_covered_display": "0"}, "missing_lines": [345, 347, 349, 350, 351, 352, 353], "excluded_lines": [], "start_line": 343}, "TestGetOrderItems.test_get_order_items_returns_empty_for_empty_order": {"executed_lines": [], "summary": {"covered_lines": 0, "num_statements": 6, "percent_covered": 0.0, "percent_covered_display": "0", "missing_lines": 6, "excluded_lines": 0, "percent_statements_covered": 0.0, "percent_statements_covered_display": "0"}, "missing_lines": [358, 359, 360, 362, 364, 365], "excluded_lines": [], "start_line": 356}, "TestGetOrderItems.test_get_order_items_uses_correct_query": {"executed_lines": [], "summary": {"covered_lines": 0, "num_statements": 6, "percent_covered": 0.0, "percent_covered_display": "0", "missing_lines": 6, "excluded_lines": 0, "percent_statements_covered": 0.0, "percent_statements_covered_display": "0"}, "missing_lines": [370, 372, 374, 375, 376, 377], "excluded_lines": [], "start_line": 368}, "": {"executed_lines": [1, 2, 3, 4, 5, 6, 8, 10], "summary": {"covered_lines": 8, "num_statements": 64, "percent_covered": 12.5, "percent_covered_display": "12", "missing_lines": 56, "excluded_lines": 0, "percent_statements_covered": 12.5, "percent_statements_covered_display": "12"}, "missing_lines": [18, 21, 22, 28, 29, 36, 37, 46, 47, 60, 61, 86, 87, 102, 103, 115, 116, 149, 150, 169, 170, 183, 186, 187, 210, 211, 212, 228, 229, 230, 241, 242, 243, 253, 254, 255, 267, 270, 271, 285, 286, 287, 302, 303, 315, 316, 317, 329, 332, 333, 342, 343, 355, 356, 367, 368], "excluded_lines": [], "start_line": 1}}, "classes": {"TestCreateOrder": {"executed_lines": [], "summary": {"covered_lines": 0, "num_statements": 61, "percent_covered": 0.0, "percent_covered_display": "0", "missing_lines": 61, "excluded_lines": 0, "percent_statements_covered": 0.0, "percent_statements_covered_display": "0"}, "missing_lines": [24, 25, 26, 31, 39, 40, 44, 49, 50, 58, 63, 64, 66, 74, 76, 77, 78, 79, 80, 81, 82, 83, 84, 89, 90, 92, 93, 97, 99, 100, 105, 106, 108, 109, 110, 112, 113, 118, 119, 121, 122, 126, 127, 136, 144, 145, 147, 152, 153, 155, 163, 164, 166, 167, 172, 173, 175, 176, 177, 179, 180], "excluded_lines": [], "start_line": 18}, "TestFindByUserId": {"executed_lines": [], "summary": {"covered_lines": 0, "num_statements": 27, "percent_covered": 0.0, "percent_covered_display": "0", "missing_lines": 27, "excluded_lines": 0, "percent_statements_covered": 0.0, "percent_statements_covered_display": "0"}, "missing_lines": [189, 190, 208, 214, 215, 220, 222, 223, 224, 225, 226, 232, 233, 234, 236, 238, 239, 245, 246, 248, 250, 251, 257, 258, 260, 262, 263], "excluded_lines": [], "start_line": 183}, "TestFindById": {"executed_lines": [], "summary": {"covered_lines": 0, "num_statements": 24, "percent_covered": 0.0, "percent_covered_display": "0", "missing_lines": 24, "excluded_lines": 0, "percent_statements_covered": 0.0, "percent_statements_covered_display": "0"}, "missing_lines": [273, 274, 282, 283, 289, 290, 293, 296, 297, 298, 299, 300, 305, 306, 307, 308, 310, 313, 319, 320, 321, 323, 325, 326], "excluded_lines": [], "start_line": 267}, "TestGetOrderItems": {"executed_lines": [], "summary": {"covered_lines": 0, "num_statements": 22, "percent_covered": 0.0, "percent_covered_display": "0", "missing_lines": 22, "excluded_lines": 0, "percent_statements_covered": 0.0, "percent_statements_covered_display": "0"}, "missing_lines": [335, 336, 340, 345, 347, 349, 350, 351, 352, 353, 358, 359, 360, 362, 364, 365, 370, 372, 374, 375, 376, 377], "excluded_lines": [], "start_line": 329}, "": {"executed_lines": [1, 2, 3, 4, 5, 6, 8, 10], "summary": {"covered_lines": 8, "num_statements": 64, "percent_covered": 12.5, "percent_covered_display": "12", "missing_lines": 56, "excluded_lines": 0, "percent_statements_covered": 12.5, "percent_statements_covered_display": "12"}, "missing_lines": [18, 21, 22, 28, 29, 36, 37, 46, 47, 60, 61, 86, 87, 102, 103, 115, 116, 149, 150, 169, 170, 183, 186, 187, 210, 211, 212, 228, 229, 230, 241, 242, 243, 253, 254, 255, 267, 270, 271, 285, 286, 287, 302, 303, 315, 316, 317, 329, 332, 333, 342, 343, 355, 356, 367, 368], "excluded_lines": [], "start_line": 1}}}, "tests/test_orders_routes.py": {"executed_lines": [1, 2, 3, 4, 5, 7, 9], "summary": {"covered_lines": 7, "num_statements": 336, "percent_covered": 2.0833333333333335, "percent_covered_display": "2", "missing_lines": 329, "excluded_lines": 0, "percent_statements_covered": 2.0833333333333335, "percent_statements_covered_display": "2"}, "missing_lines": [10, 17, 21, 22, 24, 25, 26, 27, 28, 30, 31, 33, 34, 35, 36, 38, 39, 41, 48, 49, 51, 64, 65, 66, 68, 69, 71, 72, 73, 75, 76, 77, 79, 80, 82, 84, 85, 86, 88, 89, 91, 92, 94, 96, 98, 99, 100, 102, 103, 105, 106, 107, 109, 110, 111, 113, 114, 116, 118, 119, 120, 122, 123, 125, 126, 127, 129, 130, 132, 133, 134, 136, 137, 138, 140, 141, 143, 145, 146, 147, 149, 151, 152, 153, 155, 156, 158, 159, 160, 162, 163, 164, 166, 167, 169, 171, 172, 173, 175, 177, 178, 179, 181, 182, 184, 185, 186, 188, 189, 190, 192, 193, 195, 197, 198, 199, 201, 204, 207, 208, 209, 211, 215, 216, 218, 219, 222, 223, 225, 226, 228, 230, 231, 232, 233, 234, 236, 238, 239, 240, 242, 243, 245, 246, 248, 249, 251, 252, 254, 256, 257, 258, 259, 260, 262, 265, 266, 267, 269, 270, 272, 273, 275, 276, 278, 279, 281, 283, 284, 285, 286, 287, 289, 293, 296, 297, 298, 300, 307, 308, 310, 311, 312, 314, 315, 317, 318, 320, 322, 323, 324, 325, 327, 328, 330, 331, 332, 334, 335, 337, 338, 339, 341, 342, 344, 345, 347, 349, 350, 351, 352, 354, 357, 358, 360, 362, 363, 364, 366, 367, 369, 370, 372, 374, 375, 376, 377, 379, 381, 382, 383, 385, 386, 388, 389, 390, 392, 393, 395, 396, 398, 401, 402, 403, 404, 406, 409, 412, 414, 419, 421, 423, 428, 430, 432, 435, 437, 439, 440, 441, 444, 447, 448, 449, 451, 452, 454, 455, 456, 458, 459, 461, 462, 464, 467, 468, 469, 471, 473, 474, 475, 477, 478, 480, 481, 482, 484, 485, 487, 488, 490, 493, 494, 495, 497, 499, 500, 501, 503, 504, 506, 507, 508, 511, 512, 514, 515, 517, 519, 520, 521, 523, 525, 526, 527, 529, 530, 532, 533, 534, 536, 537, 539, 540, 542, 544, 545, 546, 548], "excluded_lines": [], "functions": {"TestOrdersRouter.mock_request": {"executed_lines": [], "summary": {"covered_lines": 0, "num_statements": 5, "percent_covered": 0.0, "percent_covered_display": "0", "missing_lines": 5, "excluded_lines": 0, "percent_statements_covered": 0.0, "percent_statements_covered_display": "0"}, "missing_lines": [24, 25, 26, 27, 28], "excluded_lines": [], "start_line": 22}, "TestOrdersRouter.mock_response": {"executed_lines": [], "summary": {"covered_lines": 0, "num_statements": 4, "percent_covered": 0.0, "percent_covered_display": "0", "missing_lines": 4, "excluded_lines": 0, "percent_statements_covered": 0.0, "percent_statements_covered_display": "0"}, "missing_lines": [33, 34, 35, 36], "excluded_lines": [], "start_line": 31}, "TestOrdersRouter.sample_order_request": {"executed_lines": [], "summary": {"covered_lines": 0, "num_statements": 1, "percent_covered": 0.0, "percent_covered_display": "0", "missing_lines": 1, "excluded_lines": 0, "percent_statements_covered": 0.0, "percent_statements_covered_display": "0"}, "missing_lines": [41], "excluded_lines": [], "start_line": 39}, "TestOrdersRouter.sample_order_response": {"executed_lines": [], "summary": {"covered_lines": 0, "num_statements": 1, "percent_covered": 0.0, "percent_covered_display": "0", "missing_lines": 1, "excluded_lines": 0, "percent_statements_covered": 0.0, "percent_statements_covered_display": "0"}, "missing_lines": [51], "excluded_lines": [], "start_line": 49}, "TestOrdersRouter.test_post_order_success": {"executed_lines": [], "summary": {"covered_lines": 0, "num_statements": 15, "percent_covered": 0.0, "percent_covered_display": "0", "missing_lines": 15, "excluded_lines": 0, "percent_statements_covered": 0.0, "percent_statements_covered_display": "0"}, "missing_lines": [68, 69, 71, 72, 73, 75, 76, 77, 79, 82, 84, 85, 86, 88, 89], "excluded_lines": [], "start_line": 66}, "TestOrdersRouter.test_post_order_success.set_json": {"executed_lines": [], "summary": {"covered_lines": 0, "num_statements": 1, "percent_covered": 0.0, "percent_covered_display": "0", "missing_lines": 1, "excluded_lines": 0, "percent_statements_covered": 0.0, "percent_statements_covered_display": "0"}, "missing_lines": [80], "excluded_lines": [], "start_line": 79}, "TestOrdersRouter.test_post_order_requires_authentication": {"executed_lines": [], "summary": {"covered_lines": 0, "num_statements": 2, "percent_covered": 0.0, "percent_covered_display": "0", "missing_lines": 2, "excluded_lines": 0, "percent_statements_covered": 0.0, "percent_statements_covered_display": "0"}, "missing_lines": [94, 96], "excluded_lines": [], "start_line": 92}, "TestOrdersRouter.test_post_order_returns_400_for_empty_items": {"executed_lines": [], "summary": {"covered_lines": 0, "num_statements": 15, "percent_covered": 0.0, "percent_covered_display": "0", "missing_lines": 15, "excluded_lines": 0, "percent_statements_covered": 0.0, "percent_statements_covered_display": "0"}, "missing_lines": [102, 103, 105, 106, 107, 109, 110, 111, 113, 116, 118, 119, 120, 122, 123], "excluded_lines": [], "start_line": 100}, "TestOrdersRouter.test_post_order_returns_400_for_empty_items.set_json": {"executed_lines": [], "summary": {"covered_lines": 0, "num_statements": 1, "percent_covered": 0.0, "percent_covered_display": "0", "missing_lines": 1, "excluded_lines": 0, "percent_statements_covered": 0.0, "percent_statements_covered_display": "0"}, "missing_lines": [114], "excluded_lines": [], "start_line": 113}, "TestOrdersRouter.test_post_order_returns_400_for_invalid_product": {"executed_lines": [], "summary": {"covered_lines": 0, "num_statements": 14, "percent_covered": 0.0, "percent_covered_display": "0", "missing_lines": 14, "excluded_lines": 0, "percent_statements_covered": 0.0, "percent_statements_covered_display": "0"}, "missing_lines": [129, 130, 132, 133, 134, 136, 137, 138, 140, 143, 145, 146, 147, 149], "excluded_lines": [], "start_line": 127}, "TestOrdersRouter.test_post_order_returns_400_for_invalid_product.set_json": {"executed_lines": [], "summary": {"covered_lines": 0, "num_statements": 1, "percent_covered": 0.0, "percent_covered_display": "0", "missing_lines": 1, "excluded_lines": 0, "percent_statements_covered": 0.0, "percent_statements_covered_display": "0"}, "missing_lines": [141], "excluded_lines": [], "start_line": 140}, "TestOrdersRouter.test_post_order_returns_400_for_insufficient_stock": {"executed_lines": [], "summary": {"covered_lines": 0, "num_statements": 14, "percent_covered": 0.0, "percent_covered_display": "0", "missing_lines": 14, "excluded_lines": 0, "percent_statements_covered": 0.0, "percent_statements_covered_display": "0"}, "missing_lines": [155, 156, 158, 159, 160, 162, 163, 164, 166, 169, 171, 172, 173, 175], "excluded_lines": [], "start_line": 153}, "TestOrdersRouter.test_post_order_returns_400_for_insufficient_stock.set_json": {"executed_lines": [], "summary": {"covered_lines": 0, "num_statements": 1, "percent_covered": 0.0, "percent_covered_display": "0", "missing_lines": 1, "excluded_lines": 0, "percent_statements_covered": 0.0, "percent_statements_covered_display": "0"}, "missing_lines": [167], "excluded_lines": [], "start_line": 166}, "TestOrdersRouter.test_post_order_returns_500_for_unknown_errors": {"executed_lines": [], "summary": {"covered_lines": 0, "num_statements": 14, "percent_covered": 0.0, "percent_covered_display": "0", "missing_lines": 14, "excluded_lines": 0, "percent_statements_covered": 0.0, "percent_statements_covered_display": "0"}, "missing_lines": [181, 182, 184, 185, 186, 188, 189, 190, 192, 195, 197, 198, 199, 201], "excluded_lines": [], "start_line": 179}, "TestOrdersRouter.test_post_order_returns_500_for_unknown_errors.set_json": {"executed_lines": [], "summary": {"covered_lines": 0, "num_statements": 1, "percent_covered": 0.0, "percent_covered_display": "0", "missing_lines": 1, "excluded_lines": 0, "percent_statements_covered": 0.0, "percent_statements_covered_display": "0"}, "missing_lines": [193], "excluded_lines": [], "start_line": 192}, "TestGetOrdersRoute.test_get_orders_success": {"executed_lines": [], "summary": {"covered_lines": 0, "num_statements": 15, "percent_covered": 0.0, "percent_covered_display": "0", "missing_lines": 15, "excluded_lines": 0, "percent_statements_covered": 0.0, "percent_statements_covered_display": "0"}, "missing_lines": [211, 215, 216, 218, 219, 222, 223, 225, 228, 230, 231, 232, 233, 234, 236], "excluded_lines": [], "start_line": 209}, "TestGetOrdersRoute.test_get_orders_success.set_json": {"executed_lines": [], "summary": {"covered_lines": 0, "num_statements": 1, "percent_covered": 0.0, "percent_covered_display": "0", "missing_lines": 1, "excluded_lines": 0, "percent_statements_covered": 0.0, "percent_statements_covered_display": "0"}, "missing_lines": [226], "excluded_lines": [], "start_line": 225}, "TestGetOrdersRoute.test_get_orders_returns_empty_array": {"executed_lines": [], "summary": {"covered_lines": 0, "num_statements": 14, "percent_covered": 0.0, "percent_covered_display": "0", "missing_lines": 14, "excluded_lines": 0, "percent_statements_covered": 0.0, "percent_statements_covered_display": "0"}, "missing_lines": [242, 243, 245, 246, 248, 249, 251, 254, 256, 257, 258, 259, 260, 262], "excluded_lines": [], "start_line": 240}, "TestGetOrdersRoute.test_get_orders_returns_empty_array.set_json": {"executed_lines": [], "summary": {"covered_lines": 0, "num_statements": 1, "percent_covered": 0.0, "percent_covered_display": "0", "missing_lines": 1, "excluded_lines": 0, "percent_statements_covered": 0.0, "percent_statements_covered_display": "0"}, "missing_lines": [252], "excluded_lines": [], "start_line": 251}, "TestGetOrdersRoute.test_get_orders_returns_500_on_error": {"executed_lines": [], "summary": {"covered_lines": 0, "num_statements": 14, "percent_covered": 0.0, "percent_covered_display": "0", "missing_lines": 14, "excluded_lines": 0, "percent_statements_covered": 0.0, "percent_statements_covered_display": "0"}, "missing_lines": [269, 270, 272, 273, 275, 276, 278, 281, 283, 284, 285, 286, 287, 289], "excluded_lines": [], "start_line": 267}, "TestGetOrdersRoute.test_get_orders_returns_500_on_error.set_json": {"executed_lines": [], "summary": {"covered_lines": 0, "num_statements": 1, "percent_covered": 0.0, "percent_covered_display": "0", "missing_lines": 1, "excluded_lines": 0, "percent_statements_covered": 0.0, "percent_statements_covered_display": "0"}, "missing_lines": [279], "excluded_lines": [], "start_line": 278}, "TestGetOrderByIdRoute.test_get_order_by_id_success": {"executed_lines": [], "summary": {"covered_lines": 0, "num_statements": 16, "percent_covered": 0.0, "percent_covered_display": "0", "missing_lines": 16, "excluded_lines": 0, "percent_statements_covered": 0.0, "percent_statements_covered_display": "0"}, "missing_lines": [300, 307, 308, 310, 311, 312, 314, 315, 317, 320, 322, 323, 324, 325, 327, 328], "excluded_lines": [], "start_line": 298}, "TestGetOrderByIdRoute.test_get_order_by_id_success.set_json": {"executed_lines": [], "summary": {"covered_lines": 0, "num_statements": 1, "percent_covered": 0.0, "percent_covered_display": "0", "missing_lines": 1, "excluded_lines": 0, "percent_statements_covered": 0.0, "percent_statements_covered_display": "0"}, "missing_lines": [318], "excluded_lines": [], "start_line": 317}, "TestGetOrderByIdRoute.test_get_order_by_id_returns_404_when_not_found": {"executed_lines": [], "summary": {"covered_lines": 0, "num_statements": 14, "percent_covered": 0.0, "percent_covered_display": "0", "missing_lines": 14, "excluded_lines": 0, "percent_statements_covered": 0.0, "percent_statements_covered_display": "0"}, "missing_lines": [334, 335, 337, 338, 339, 341, 342, 344, 347, 349, 350, 351, 352, 354], "excluded_lines": [], "start_line": 332}, "TestGetOrderByIdRoute.test_get_order_by_id_returns_404_when_not_found.set_json": {"executed_lines": [], "summary": {"covered_lines": 0, "num_statements": 1, "percent_covered": 0.0, "percent_covered_display": "0", "missing_lines": 1, "excluded_lines": 0, "percent_statements_covered": 0.0, "percent_statements_covered_display": "0"}, "missing_lines": [345], "excluded_lines": [], "start_line": 344}, "TestGetOrderByIdRoute.test_get_order_by_id_returns_400_for_invalid_id": {"executed_lines": [], "summary": {"covered_lines": 0, "num_statements": 13, "percent_covered": 0.0, "percent_covered_display": "0", "missing_lines": 13, "excluded_lines": 0, "percent_statements_covered": 0.0, "percent_statements_covered_display": "0"}, "missing_lines": [360, 362, 363, 364, 366, 367, 369, 372, 374, 375, 376, 377, 379], "excluded_lines": [], "start_line": 358}, "TestGetOrderByIdRoute.test_get_order_by_id_returns_400_for_invalid_id.set_json": {"executed_lines": [], "summary": {"covered_lines": 0, "num_statements": 1, "percent_covered": 0.0, "percent_covered_display": "0", "missing_lines": 1, "excluded_lines": 0, "percent_statements_covered": 0.0, "percent_statements_covered_display": "0"}, "missing_lines": [370], "excluded_lines": [], "start_line": 369}, "TestGetOrderByIdRoute.test_get_order_by_id_returns_404_for_invalid_order_id_error": {"executed_lines": [], "summary": {"covered_lines": 0, "num_statements": 14, "percent_covered": 0.0, "percent_covered_display": "0", "missing_lines": 14, "excluded_lines": 0, "percent_statements_covered": 0.0, "percent_statements_covered_display": "0"}, "missing_lines": [385, 386, 388, 389, 390, 392, 393, 395, 398, 401, 402, 403, 404, 406], "excluded_lines": [], "start_line": 383}, "TestGetOrderByIdRoute.test_get_order_by_id_returns_404_for_invalid_order_id_error.set_json": {"executed_lines": [], "summary": {"covered_lines": 0, "num_statements": 1, "percent_covered": 0.0, "percent_covered_display": "0", "missing_lines": 1, "excluded_lines": 0, "percent_statements_covered": 0.0, "percent_statements_covered_display": "0"}, "missing_lines": [396], "excluded_lines": [], "start_line": 395}, "TestRouterConfiguration.test_router_has_post_route": {"executed_lines": [], "summary": {"covered_lines": 0, "num_statements": 2, "percent_covered": 0.0, "percent_covered_display": "0", "missing_lines": 2, "excluded_lines": 0, "percent_statements_covered": 0.0, "percent_statements_covered_display": "0"}, "missing_lines": [414, 419], "excluded_lines": [], "start_line": 412}, "TestRouterConfiguration.test_router_has_get_route": {"executed_lines": [], "summary": {"covered_lines": 0, "num_statements": 2, "percent_covered": 0.0, "percent_covered_display": "0", "missing_lines": 2, "excluded_lines": 0, "percent_statements_covered": 0.0, "percent_statements_covered_display": "0"}, "missing_lines": [423, 428], "excluded_lines": [], "start_line": 421}, "TestRouterConfiguration.test_router_has_get_by_id_route": {"executed_lines": [], "summary": {"covered_lines": 0, "num_statements": 2, "percent_covered": 0.0, "percent_covered_display": "0", "missing_lines": 2, "excluded_lines": 0, "percent_statements_covered": 0.0, "percent_statements_covered_display": "0"}, "missing_lines": [432, 435], "excluded_lines": [], "start_line": 430}, "TestRouterConfiguration.test_router_all_routes_use_authentication": {"executed_lines": [], "summary": {"covered_lines": 0, "num_statements": 3, "percent_covered": 0.0, "percent_covered_display": "0", "missing_lines": 3, "excluded_lines": 0, "percent_statements_covered": 0.0, "percent_statements_covered_display": "0"}, "missing_lines": [439, 440, 441], "excluded_lines": [], "start_line": 437}, "TestRequestValidation.test_post_validates_items_is_array": {"executed_lines": [], "summary": {"covered_lines": 0, "num_statements": 13, "percent_covered": 0.0, "percent_covered_display": "0", "missing_lines": 13, "excluded_lines": 0, "percent_statements_covered": 0.0, "percent_statements_covered_display": "0"}, "missing_lines": [451, 452, 454, 455, 456, 458, 459, 461, 464, 467, 468, 469, 471], "excluded_lines": [], "start_line": 449}, "TestRequestValidation.test_post_validates_items_is_array.set_json": {"executed_lines": [], "summary": {"covered_lines": 0, "num_statements": 1, "percent_covered": 0.0, "percent_covered_display": "0", "missing_lines": 1, "excluded_lines": 0, "percent_statements_covered": 0.0, "percent_statements_covered_display": "0"}, "missing_lines": [462], "excluded_lines": [], "start_line": 461}, "TestRequestValidation.test_post_validates_items_not_empty": {"executed_lines": [], "summary": {"covered_lines": 0, "num_statements": 13, "percent_covered": 0.0, "percent_covered_display": "0", "missing_lines": 13, "excluded_lines": 0, "percent_statements_covered": 0.0, "percent_statements_covered_display": "0"}, "missing_lines": [477, 478, 480, 481, 482, 484, 485, 487, 490, 493, 494, 495, 497], "excluded_lines": [], "start_line": 475}, "TestRequestValidation.test_post_validates_items_not_empty.set_json": {"executed_lines": [], "summary": {"covered_lines": 0, "num_statements": 1, "percent_covered": 0.0, "percent_covered_display": "0", "missing_lines": 1, "excluded_lines": 0, "percent_statements_covered": 0.0, "percent_statements_covered_display": "0"}, "missing_lines": [488], "excluded_lines": [], "start_line": 487}, "TestRequestValidation.test_post_validates_product_id_is_positive_int": {"executed_lines": [], "summary": {"covered_lines": 0, "num_statements": 13, "percent_covered": 0.0, "percent_covered_display": "0", "missing_lines": 13, "excluded_lines": 0, "percent_statements_covered": 0.0, "percent_statements_covered_display": "0"}, "missing_lines": [503, 504, 506, 507, 508, 511, 512, 514, 517, 519, 520, 521, 523], "excluded_lines": [], "start_line": 501}, "TestRequestValidation.test_post_validates_product_id_is_positive_int.set_json": {"executed_lines": [], "summary": {"covered_lines": 0, "num_statements": 1, "percent_covered": 0.0, "percent_covered_display": "0", "missing_lines": 1, "excluded_lines": 0, "percent_statements_covered": 0.0, "percent_statements_covered_display": "0"}, "missing_lines": [515], "excluded_lines": [], "start_line": 514}, "TestRequestValidation.test_post_validates_quantity_is_positive_int": {"executed_lines": [], "summary": {"covered_lines": 0, "num_statements": 13, "percent_covered": 0.0, "percent_covered_display": "0", "missing_lines": 13, "excluded_lines": 0, "percent_statements_covered": 0.0, "percent_statements_covered_display": "0"}, "missing_lines": [529, 530, 532, 533, 534, 536, 537, 539, 542, 544, 545, 546, 548], "excluded_lines": [], "start_line": 527}, "TestRequestValidation.test_post_validates_quantity_is_positive_int.set_json": {"executed_lines": [], "summary": {"covered_lines": 0, "num_statements": 1, "percent_covered": 0.0, "percent_covered_display": "0", "missing_lines": 1, "excluded_lines": 0, "percent_statements_covered": 0.0, "percent_statements_covered_display": "0"}, "missing_lines": [540], "excluded_lines": [], "start_line": 539}, "": {"executed_lines": [1, 2, 3, 4, 5, 7, 9], "summary": {"covered_lines": 7, "num_statements": 74, "percent_covered": 9.45945945945946, "percent_covered_display": "9", "missing_lines": 67, "excluded_lines": 0, "percent_statements_covered": 9.45945945945946, "percent_statements_covered_display": "9"}, "missing_lines": [10, 17, 21, 22, 30, 31, 38, 39, 48, 49, 64, 65, 66, 91, 92, 98, 99, 100, 125, 126, 127, 151, 152, 153, 177, 178, 179, 204, 207, 208, 209, 238, 239, 240, 265, 266, 267, 293, 296, 297, 298, 330, 331, 332, 357, 358, 381, 382, 383, 409, 412, 421, 430, 437, 444, 447, 448, 449, 473, 474, 475, 499, 500, 501, 525, 526, 527], "excluded_lines": [], "start_line": 1}}, "classes": {"TestOrdersRouter": {"executed_lines": [], "summary": {"covered_lines": 0, "num_statements": 90, "percent_covered": 0.0, "percent_covered_display": "0", "missing_lines": 90, "excluded_lines": 0, "percent_statements_covered": 0.0, "percent_statements_covered_display": "0"}, "missing_lines": [24, 25, 26, 27, 28, 33, 34, 35, 36, 41, 51, 68, 69, 71, 72, 73, 75, 76, 77, 79, 80, 82, 84, 85, 86, 88, 89, 94, 96, 102, 103, 105, 106, 107, 109, 110, 111, 113, 114, 116, 118, 119, 120, 122, 123, 129, 130, 132, 133, 134, 136, 137, 138, 140, 141, 143, 145, 146, 147, 149, 155, 156, 158, 159, 160, 162, 163, 164, 166, 167, 169, 171, 172, 173, 175, 181, 182, 184, 185, 186, 188, 189, 190, 192, 193, 195, 197, 198, 199, 201], "excluded_lines": [], "start_line": 17}, "TestGetOrdersRoute": {"executed_lines": [], "summary": {"covered_lines": 0, "num_statements": 46, "percent_covered": 0.0, "percent_covered_display": "0", "missing_lines": 46, "excluded_lines": 0, "percent_statements_covered": 0.0, "percent_statements_covered_display": "0"}, "missing_lines": [211, 215, 216, 218, 219, 222, 223, 225, 226, 228, 230, 231, 232, 233, 234, 236, 242, 243, 245, 246, 248, 249, 251, 252, 254, 256, 257, 258, 259, 260, 262, 269, 270, 272, 273, 275, 276, 278, 279, 281, 283, 284, 285, 286, 287, 289], "excluded_lines": [], "start_line": 204}, "TestGetOrderByIdRoute": {"executed_lines": [], "summary": {"covered_lines": 0, "num_statements": 61, "percent_covered": 0.0, "percent_covered_display": "0", "missing_lines": 61, "excluded_lines": 0, "percent_statements_covered": 0.0, "percent_statements_covered_display": "0"}, "missing_lines": [300, 307, 308, 310, 311, 312, 314, 315, 317, 318, 320, 322, 323, 324, 325, 327, 328, 334, 335, 337, 338, 339, 341, 342, 344, 345, 347, 349, 350, 351, 352, 354, 360, 362, 363, 364, 366, 367, 369, 370, 372, 374, 375, 376, 377, 379, 385, 386, 388, 389, 390, 392, 393, 395, 396, 398, 401, 402, 403, 404, 406], "excluded_lines": [], "start_line": 293}, "TestRouterConfiguration": {"executed_lines": [], "summary": {"covered_lines": 0, "num_statements": 9, "percent_covered": 0.0, "percent_covered_display": "0", "missing_lines": 9, "excluded_lines": 0, "percent_statements_covered": 0.0, "percent_statements_covered_display": "0"}, "missing_lines": [414, 419, 423, 428, 432, 435, 439, 440, 441], "excluded_lines": [], "start_line": 409}, "TestRequestValidation": {"executed_lines": [], "summary": {"covered_lines": 0, "num_statements": 56, "percent_covered": 0.0, "percent_covered_display": "0", "missing_lines": 56, "excluded_lines": 0, "percent_statements_covered": 0.0, "percent_statements_covered_display": "0"}, "missing_lines": [451, 452, 454, 455, 456, 458, 459, 461, 462, 464, 467, 468, 469, 471, 477, 478, 480, 481, 482, 484, 485, 487, 488, 490, 493, 494, 495, 497, 503, 504, 506, 507, 508, 511, 512, 514, 515, 517, 519, 520, 521, 523, 529, 530, 532, 533, 534, 536, 537, 539, 540, 542, 544, 545, 546, 548], "excluded_lines": [], "start_line": 444}, "": {"executed_lines": [1, 2, 3, 4, 5, 7, 9], "summary": {"covered_lines": 7, "num_statements": 74, "percent_covered": 9.45945945945946, "percent_covered_display": "9", "missing_lines": 67, "excluded_lines": 0, "percent_statements_covered": 9.45945945945946, "percent_statements_covered_display": "9"}, "missing_lines": [10, 17, 21, 22, 30, 31, 38, 39, 48, 49, 64, 65, 66, 91, 92, 98, 99, 100, 125, 126, 127, 151, 152, 153, 177, 178, 179, 204, 207, 208, 209, 238, 239, 240, 265, 266, 267, 293, 296, 297, 298, 330, 331, 332, 357, 358, 381, 382, 383, 409, 412, 421, 430, 437, 444, 447, 448, 449, 473, 474, 475, 499, 500, 501, 525, 526, 527], "excluded_lines": [], "start_line": 1}}}}, "totals": {"covered_lines": 21, "num_statements": 689, "percent_covered": 3.0478955007256894, "percent_covered_display": "3", "missing_lines": 668, "excluded_lines": 0, "percent_statements_covered": 3.0478955007256894, "percent_statements_covered_display": "3"}}